TN:
SF:src/App.tsx
FN:8,App
FNF:1
FNH:0
FNDA:0,App
DA:9,0
LF:1
LH:0
BRF:0
BRH:0
end_of_record
TN:
SF:src/components/app-header.tsx
FN:15,AppHeader
FN:21,(anonymous_1)
FN:22,(anonymous_2)
FN:27,(anonymous_3)
FN:30,(anonymous_4)
FN:51,(anonymous_5)
FN:93,(anonymous_6)
FNF:7
FNH:5
FNDA:9,AppHeader
FNDA:9,(anonymous_1)
FNDA:0,(anonymous_2)
FNDA:9,(anonymous_3)
FNDA:9,(anonymous_4)
FNDA:2,(anonymous_5)
FNDA:0,(anonymous_6)
DA:16,9
DA:17,9
DA:18,9
DA:19,9
DA:21,9
DA:22,9
DA:23,0
DA:26,9
DA:27,9
DA:30,9
DA:31,9
DA:33,3
DA:35,0
DA:37,2
DA:39,1
DA:41,1
DA:43,2
DA:45,0
DA:49,9
DA:51,9
DA:52,2
DA:53,1
DA:55,1
DA:59,9
DA:93,0
LF:25
LH:21
BRDA:31,0,0,3
BRDA:31,0,1,0
BRDA:31,0,2,2
BRDA:31,0,3,1
BRDA:31,0,4,1
BRDA:31,0,5,2
BRDA:31,0,6,0
BRDA:52,1,0,1
BRDA:52,1,1,1
BRDA:63,2,0,0
BRDA:63,2,1,9
BRDA:69,3,0,9
BRDA:69,3,1,6
BRDA:76,4,0,3
BRDA:76,4,1,6
BRDA:84,5,0,9
BRDA:84,5,1,3
BRDA:84,5,2,3
BRDA:94,6,0,0
BRDA:94,6,1,9
BRDA:115,7,0,9
BRDA:115,7,1,0
BRDA:132,8,0,0
BRDA:132,8,1,0
BRDA:132,8,2,0
BRF:25
BRH:17
end_of_record
TN:
SF:src/components/measurement-input.tsx
FN:7,MeasurementInput
FN:13,(anonymous_1)
FNF:2
FNH:0
FNDA:0,MeasurementInput
FNDA:0,(anonymous_1)
DA:8,0
DA:13,0
LF:2
LH:0
BRF:0
BRH:0
end_of_record
TN:
SF:src/components/new-patient-form.tsx
FN:26,NewPatientForm
FN:42,(anonymous_1)
FN:114,(anonymous_2)
FN:128,(anonymous_3)
FN:144,(anonymous_4)
FN:149,(anonymous_5)
FN:153,(anonymous_6)
FN:155,(anonymous_7)
FNF:8
FNH:8
FNDA:29,NewPatientForm
FNDA:3,(anonymous_1)
FNDA:4,(anonymous_2)
FNDA:8,(anonymous_3)
FNDA:7,(anonymous_4)
FNDA:1,(anonymous_5)
FNDA:1,(anonymous_6)
FNDA:5,(anonymous_7)
DA:27,29
DA:28,29
DA:29,29
DA:30,29
DA:31,29
DA:32,29
DA:39,29
DA:40,29
DA:42,29
DA:43,3
DA:50,3
DA:52,3
DA:53,2
DA:56,3
DA:57,1
DA:60,3
DA:61,3
DA:64,3
DA:66,3
DA:67,0
DA:68,0
DA:69,0
DA:76,0
DA:85,0
DA:86,0
DA:88,0
DA:90,0
DA:95,29
DA:114,4
DA:128,8
DA:145,7
DA:146,7
DA:147,7
DA:148,7
DA:149,1
DA:151,6
DA:152,6
DA:153,1
DA:155,5
LF:39
LH:31
BRDA:52,0,0,2
BRDA:52,0,1,1
BRDA:56,1,0,1
BRDA:56,1,1,2
BRDA:60,2,0,3
BRDA:60,2,1,0
BRDA:66,3,0,0
BRDA:66,3,1,3
BRDA:66,4,0,3
BRDA:66,4,1,0
BRDA:73,5,0,0
BRDA:73,5,1,0
BRDA:81,6,0,0
BRDA:81,6,1,0
BRDA:117,7,0,29
BRDA:117,7,1,2
BRDA:120,8,0,29
BRDA:120,8,1,2
BRDA:131,9,0,29
BRDA:131,9,1,1
BRDA:134,10,0,29
BRDA:134,10,1,1
BRDA:146,11,0,7
BRDA:146,11,1,0
BRDA:146,12,0,7
BRDA:146,12,1,6
BRDA:148,13,0,1
BRDA:148,13,1,6
BRDA:152,14,0,1
BRDA:152,14,1,5
BRDA:152,15,0,6
BRDA:152,15,1,3
BRDA:163,16,0,29
BRDA:163,16,1,5
BRDA:176,17,0,29
BRDA:176,17,1,29
BRDA:180,18,0,0
BRDA:180,18,1,29
BRDA:191,19,0,29
BRDA:191,19,1,3
BRDA:205,20,0,0
BRDA:205,20,1,29
BRF:42
BRH:32
end_of_record
TN:
SF:src/components/patient-detail.tsx
FN:29,PatientDetail
FN:34,(anonymous_1)
FN:36,(anonymous_2)
FN:42,(anonymous_3)
FN:46,(anonymous_4)
FN:109,(anonymous_5)
FN:128,(anonymous_6)
FN:132,(anonymous_7)
FN:187,(anonymous_8)
FNF:9
FNH:9
FNDA:16,PatientDetail
FNDA:16,(anonymous_1)
FNDA:9,(anonymous_2)
FNDA:2,(anonymous_3)
FNDA:1,(anonymous_4)
FNDA:3,(anonymous_5)
FNDA:9,(anonymous_6)
FNDA:2,(anonymous_7)
FNDA:2,(anonymous_8)
DA:30,16
DA:31,16
DA:32,16
DA:33,16
DA:34,16
DA:36,16
DA:37,9
DA:38,9
DA:42,16
DA:43,2
DA:46,16
DA:47,1
DA:50,16
DA:110,3
DA:129,9
DA:132,2
DA:188,2
DA:189,2
DA:190,2
LF:19
LH:19
BRDA:34,0,0,16
BRDA:34,0,1,0
BRDA:37,1,0,9
BRDA:37,1,1,0
BRDA:87,2,0,9
BRDA:87,2,1,7
BRDA:98,3,0,1
BRDA:98,3,1,15
BRDA:107,4,0,1
BRDA:107,4,1,15
BRDA:118,5,0,9
BRDA:118,5,1,6
BRDA:144,6,0,9
BRDA:144,6,1,0
BRDA:130,7,0,9
BRDA:130,7,1,0
BRDA:183,8,0,16
BRDA:183,8,1,2
BRDA:187,9,0,16
BRDA:187,9,1,2
BRDA:222,10,0,2
BRDA:222,10,1,0
BRDA:244,11,0,2
BRDA:244,11,1,0
BRF:24
BRH:18
end_of_record
TN:
SF:src/components/patient-growth-chart.tsx
FN:22,(anonymous_0)
FN:51,PatientGrowthChart
FN:52,(anonymous_2)
FN:54,(anonymous_3)
FN:57,(anonymous_4)
FN:81,(anonymous_5)
FN:85,(anonymous_6)
FN:178,(anonymous_7)
FN:250,calculateEstimatedBirthSizeFromMeasurements
FN:254,(anonymous_9)
FNF:10
FNH:0
FNDA:0,(anonymous_0)
FNDA:0,PatientGrowthChart
FNDA:0,(anonymous_2)
FNDA:0,(anonymous_3)
FNDA:0,(anonymous_4)
FNDA:0,(anonymous_5)
FNDA:0,(anonymous_6)
FNDA:0,(anonymous_7)
FNDA:0,calculateEstimatedBirthSizeFromMeasurements
FNDA:0,(anonymous_9)
DA:22,0
DA:23,0
DA:25,0
DA:27,0
DA:52,0
DA:54,0
DA:57,0
DA:58,0
DA:59,0
DA:68,0
DA:72,0
DA:78,0
DA:79,0
DA:80,0
DA:81,0
DA:83,0
DA:84,0
DA:85,0
DA:87,0
DA:88,0
DA:94,0
DA:98,0
DA:99,0
DA:131,0
DA:178,0
DA:251,0
DA:254,0
DA:256,0
DA:257,0
DA:260,0
DA:263,0
DA:266,0
DA:267,0
LF:33
LH:0
BRDA:23,0,0,0
BRDA:23,0,1,0
BRDA:23,1,0,0
BRDA:23,1,1,0
BRDA:23,1,2,0
BRDA:33,2,0,0
BRDA:33,2,1,0
BRDA:38,3,0,0
BRDA:38,3,1,0
BRDA:43,4,0,0
BRDA:43,4,1,0
BRDA:68,5,0,0
BRDA:68,5,1,0
BRDA:80,6,0,0
BRDA:80,6,1,0
BRDA:98,7,0,0
BRDA:98,7,1,0
BRDA:219,8,0,0
BRDA:219,8,1,0
BRDA:251,9,0,0
BRDA:251,9,1,0
BRF:21
BRH:0
end_of_record
TN:
SF:src/components/patient-list.tsx
FN:16,PatientList
FN:23,(anonymous_1)
FN:26,(anonymous_2)
FN:32,(anonymous_3)
FN:52,(anonymous_4)
FN:87,(anonymous_5)
FN:105,(anonymous_6)
FN:113,(anonymous_7)
FN:124,(anonymous_8)
FN:136,(anonymous_9)
FN:159,(anonymous_10)
FN:164,(anonymous_11)
FNF:12
FNH:12
FNDA:56,PatientList
FNDA:28,(anonymous_1)
FNDA:52,(anonymous_2)
FNDA:12,(anonymous_3)
FNDA:3,(anonymous_4)
FNDA:14,(anonymous_5)
FNDA:1,(anonymous_6)
FNDA:1,(anonymous_7)
FNDA:1,(anonymous_8)
FNDA:8,(anonymous_9)
FNDA:41,(anonymous_10)
FNDA:1,(anonymous_11)
DA:17,56
DA:18,56
DA:19,56
DA:20,56
DA:21,56
DA:23,56
DA:25,28
DA:27,52
DA:32,28
DA:33,12
DA:34,10
DA:35,10
DA:36,10
DA:37,2
DA:38,1
DA:43,1
DA:49,28
DA:52,56
DA:53,3
DA:54,1
DA:56,2
DA:57,2
DA:61,56
DA:71,56
DA:76,56
DA:87,14
DA:105,1
DA:113,1
DA:124,1
DA:137,8
DA:160,41
DA:164,1
LF:32
LH:32
BRDA:27,0,0,52
BRDA:27,0,1,24
BRDA:33,1,0,10
BRDA:33,1,1,2
BRDA:36,2,0,9
BRDA:36,2,1,1
BRDA:37,3,0,1
BRDA:37,3,1,1
BRDA:38,4,0,1
BRDA:38,4,1,0
BRDA:43,5,0,1
BRDA:43,5,1,0
BRDA:53,6,0,1
BRDA:53,6,1,2
BRDA:54,7,0,1
BRDA:54,7,1,0
BRDA:107,8,0,56
BRDA:107,8,1,52
BRDA:109,9,0,2
BRDA:109,9,1,50
BRDA:115,10,0,56
BRDA:115,10,1,2
BRDA:117,11,0,0
BRDA:117,11,1,2
BRDA:126,12,0,56
BRDA:126,12,1,2
BRDA:128,13,0,0
BRDA:128,13,1,2
BRDA:134,14,0,2
BRDA:134,14,1,54
BRDA:157,15,0,24
BRDA:157,15,1,30
BRDA:184,16,0,24
BRDA:184,16,1,17
BRDA:197,17,0,19
BRDA:197,17,1,11
BRDA:199,18,0,30
BRDA:199,18,1,11
BRF:38
BRH:33
end_of_record
TN:
SF:src/components/results.tsx
FN:16,Results
FNF:1
FNH:1
FNDA:9,Results
DA:17,9
DA:18,9
DA:20,9
DA:21,9
DA:23,9
DA:24,9
DA:26,9
DA:27,9
DA:29,9
LF:9
LH:9
BRDA:27,0,0,9
BRDA:27,0,1,9
BRDA:96,1,0,8
BRDA:96,1,1,1
BRDA:97,2,0,8
BRDA:97,2,1,1
BRDA:98,3,0,8
BRDA:98,3,1,1
BRDA:111,4,0,1
BRDA:111,4,1,8
BRF:10
BRH:10
end_of_record
TN:
SF:src/components/skull-measurement-form.tsx
FN:23,SkullMeasurementForm
FN:32,(anonymous_1)
FN:108,(anonymous_2)
FNF:3
FNH:3
FNDA:19,SkullMeasurementForm
FNDA:4,(anonymous_1)
FNDA:6,(anonymous_2)
DA:24,19
DA:25,19
DA:26,19
DA:27,19
DA:29,19
DA:30,19
DA:32,19
DA:33,4
DA:35,4
DA:36,4
DA:38,4
DA:39,1
DA:40,1
DA:43,3
DA:44,3
DA:46,3
DA:47,3
DA:52,3
DA:53,1
DA:55,1
DA:57,2
DA:61,19
DA:109,6
DA:110,6
DA:111,6
DA:112,6
DA:113,6
DA:114,6
LF:28
LH:28
BRDA:38,0,0,1
BRDA:38,0,1,3
BRDA:38,1,0,4
BRDA:38,1,1,3
BRDA:38,1,2,3
BRDA:38,1,3,3
BRDA:80,2,0,19
BRDA:80,2,1,0
BRDA:84,3,0,19
BRDA:84,3,1,0
BRDA:110,4,0,6
BRDA:110,4,1,0
BRDA:110,5,0,6
BRDA:110,5,1,6
BRDA:111,6,0,0
BRDA:111,6,1,6
BRDA:112,7,0,6
BRDA:112,7,1,0
BRDA:112,8,0,6
BRDA:112,8,1,6
BRDA:112,8,2,6
BRDA:122,9,0,19
BRDA:122,9,1,1
BRDA:146,10,0,3
BRDA:146,10,1,16
BRF:25
BRH:20
end_of_record
TN:
SF:src/components/user-menu.tsx
FN:15,UserMenu
FN:22,(anonymous_1)
FN:28,(anonymous_2)
FN:30,(anonymous_3)
FN:38,(anonymous_4)
FN:59,(anonymous_5)
FNF:6
FNH:6
FNDA:9,UserMenu
FNDA:1,(anonymous_1)
FNDA:1,(anonymous_2)
FNDA:1,(anonymous_3)
FNDA:12,(anonymous_4)
FNDA:1,(anonymous_5)
DA:16,9
DA:17,9
DA:18,9
DA:20,9
DA:21,2
DA:22,1
DA:28,7
DA:29,1
DA:30,1
DA:31,1
DA:32,1
DA:33,1
DA:37,7
DA:38,12
DA:41,9
DA:59,1
LF:16
LH:16
BRDA:20,0,0,2
BRDA:20,0,1,7
BRDA:37,1,0,6
BRDA:37,1,1,1
BRDA:46,2,0,9
BRDA:46,2,1,1
BRDA:68,3,0,1
BRDA:68,3,1,6
BRF:8
BRH:8
end_of_record
TN:
SF:src/hooks/use-mobile.tsx
FN:5,useIsMobile
FN:8,(anonymous_1)
FN:10,(anonymous_2)
FN:15,(anonymous_3)
FNF:4
FNH:0
FNDA:0,useIsMobile
FNDA:0,(anonymous_1)
FNDA:0,(anonymous_2)
FNDA:0,(anonymous_3)
DA:3,0
DA:6,0
DA:8,0
DA:9,0
DA:10,0
DA:11,0
DA:13,0
DA:14,0
DA:15,0
DA:18,0
LF:10
LH:0
BRF:0
BRH:0
end_of_record
TN:
SF:src/lib/api-service.ts
FN:28,apiFetch
FN:46,(anonymous_1)
FN:50,(anonymous_2)
FN:72,(anonymous_3)
FN:76,(anonymous_4)
FN:85,(anonymous_5)
FNF:6
FNH:0
FNDA:0,apiFetch
FNDA:0,(anonymous_1)
FNDA:0,(anonymous_2)
FNDA:0,(anonymous_3)
FNDA:0,(anonymous_4)
FNDA:0,(anonymous_5)
DA:1,0
DA:29,0
DA:38,0
DA:39,0
DA:42,0
DA:45,0
DA:47,0
DA:51,0
DA:71,0
DA:73,0
DA:77,0
DA:84,0
DA:86,0
DA:92,0
DA:93,0
DA:96,0
LF:16
LH:0
BRDA:1,0,0,0
BRDA:1,0,1,0
BRDA:38,1,0,0
BRDA:38,1,1,0
BRDA:92,2,0,0
BRDA:92,2,1,0
BRF:6
BRH:0
end_of_record
TN:
SF:src/lib/auth-context.tsx
FN:23,(anonymous_0)
FN:24,(anonymous_1)
FN:27,(anonymous_2)
FN:32,AuthProvider
FN:38,(anonymous_4)
FN:55,(anonymous_5)
FN:71,(anonymous_6)
FNF:7
FNH:5
FNDA:0,(anonymous_0)
FNDA:0,(anonymous_1)
FNDA:14,(anonymous_2)
FNDA:14,AuthProvider
FNDA:6,(anonymous_4)
FNDA:1,(anonymous_5)
FNDA:1,(anonymous_6)
DA:19,1
DA:27,14
DA:29,1
DA:30,1
DA:33,14
DA:34,14
DA:35,14
DA:38,14
DA:39,6
DA:40,6
DA:41,6
DA:42,6
DA:43,3
DA:44,3
DA:48,1
DA:49,1
DA:51,6
DA:55,14
DA:56,1
DA:58,1
DA:65,1
DA:66,1
DA:67,1
DA:68,1
DA:71,14
DA:72,1
DA:73,1
DA:74,1
DA:75,1
DA:78,14
LF:30
LH:30
BRDA:42,0,0,3
BRDA:42,0,1,3
BRDA:42,1,0,6
BRDA:42,1,1,3
BRF:4
BRH:4
end_of_record
TN:
SF:src/lib/constants.ts
FNF:0
FNH:0
DA:2,2
DA:3,2
DA:4,2
DA:5,2
LF:4
LH:4
BRF:0
BRH:0
end_of_record
TN:
SF:src/lib/patient-store.ts
FN:20,(anonymous_0)
FN:53,(anonymous_1)
FN:58,(anonymous_2)
FN:62,(anonymous_3)
FN:79,(anonymous_4)
FN:82,(anonymous_5)
FN:88,(anonymous_6)
FN:98,(anonymous_7)
FN:99,(anonymous_8)
FN:110,(anonymous_9)
FN:111,(anonymous_10)
FN:115,(anonymous_11)
FN:116,(anonymous_12)
FN:117,(anonymous_13)
FN:120,(anonymous_14)
FN:121,(anonymous_15)
FN:137,(anonymous_16)
FN:138,(anonymous_17)
FN:143,(anonymous_18)
FNF:19
FNH:19
FNDA:1,(anonymous_0)
FNDA:1,(anonymous_1)
FNDA:3,(anonymous_2)
FNDA:1,(anonymous_3)
FNDA:4,(anonymous_4)
FNDA:3,(anonymous_5)
FNDA:2,(anonymous_6)
FNDA:2,(anonymous_7)
FNDA:2,(anonymous_8)
FNDA:1,(anonymous_9)
FNDA:1,(anonymous_10)
FNDA:1,(anonymous_11)
FNDA:1,(anonymous_12)
FNDA:1,(anonymous_13)
FNDA:4,(anonymous_14)
FNDA:3,(anonymous_15)
FNDA:3,(anonymous_16)
FNDA:3,(anonymous_17)
FNDA:1,(anonymous_18)
DA:20,1
DA:21,1
DA:22,1
DA:23,1
DA:24,1
DA:25,1
DA:51,1
DA:53,1
DA:59,3
DA:60,3
DA:61,3
DA:62,2
DA:70,2
DA:72,1
DA:73,1
DA:75,3
DA:80,4
DA:82,3
DA:83,3
DA:85,3
DA:86,3
DA:87,3
DA:88,2
DA:89,2
DA:90,2
DA:91,2
DA:98,2
DA:100,2
DA:104,1
DA:106,3
DA:111,1
DA:116,1
DA:117,1
DA:121,4
DA:122,4
DA:124,3
DA:125,3
DA:127,3
DA:128,1
DA:132,1
DA:134,2
DA:137,3
DA:139,3
DA:140,3
DA:143,1
LF:45
LH:45
BRDA:67,0,0,1
BRDA:67,0,1,1
BRDA:80,1,0,1
BRDA:80,1,1,3
BRDA:83,2,0,0
BRDA:83,2,1,3
BRDA:100,3,0,2
BRDA:100,3,1,0
BRDA:117,4,0,1
BRDA:117,4,1,0
BRDA:122,5,0,1
BRDA:122,5,1,3
BRDA:127,6,0,1
BRDA:127,6,1,2
BRDA:139,7,0,0
BRDA:139,7,1,3
BRF:16
BRH:12
end_of_record
TN:
SF:src/lib/skull-calculations.ts
FN:5,calculateExpectedSize
FN:24,getPercentile
FN:38,calculateEstimatedBirthSize
FNF:3
FNH:3
FNDA:93,calculateExpectedSize
FNDA:21,getPercentile
FNDA:13,calculateEstimatedBirthSize
DA:9,93
DA:11,76
DA:12,75
DA:13,15
DA:14,10
DA:15,5
DA:18,2
DA:25,21
DA:26,21
DA:28,21
DA:29,18
DA:30,16
DA:31,3
DA:32,2
DA:39,13
DA:40,13
DA:43,13
DA:47,13
LF:18
LH:18
BRDA:9,0,0,17
BRDA:9,0,1,76
BRDA:11,1,0,1
BRDA:11,1,1,75
BRDA:12,2,0,60
BRDA:12,2,1,15
BRDA:13,3,0,5
BRDA:13,3,1,10
BRDA:14,4,0,5
BRDA:14,4,1,5
BRDA:15,5,0,3
BRDA:15,5,1,2
BRDA:28,6,0,3
BRDA:28,6,1,18
BRDA:29,7,0,2
BRDA:29,7,1,16
BRDA:30,8,0,13
BRDA:30,8,1,3
BRDA:31,9,0,1
BRDA:31,9,1,2
BRF:20
BRH:20
end_of_record
TN:
SF:src/lib/types.ts
FNF:0
FNH:0
LF:0
LH:0
BRF:0
BRH:0
end_of_record
TN:
SF:src/lib/utils.ts
FN:5,cn
FN:9,formatDate
FN:13,formatDateTime
FN:17,calculateAge
FNF:4
FNH:4
FNDA:1592,cn
FNDA:80,formatDate
FNDA:2,formatDateTime
FNDA:74,calculateAge
DA:6,1592
DA:10,80
DA:14,2
DA:18,74
DA:20,74
DA:21,1
DA:24,73
DA:25,14
DA:28,59
DA:29,59
DA:31,59
DA:32,1
DA:35,58
LF:13
LH:13
BRDA:17,0,0,74
BRDA:20,1,0,1
BRDA:20,1,1,73
BRDA:24,2,0,14
BRDA:24,2,1,59
BRDA:25,3,0,1
BRDA:25,3,1,13
BRDA:31,4,0,1
BRDA:31,4,1,58
BRDA:32,5,0,0
BRDA:32,5,1,1
BRDA:35,6,0,0
BRDA:35,6,1,58
BRDA:35,7,0,0
BRDA:35,7,1,58
BRF:15
BRH:12
end_of_record
TN:
SF:src/pages/Home.tsx
FN:14,Home
FN:26,(anonymous_1)
FN:32,(anonymous_2)
FN:38,(anonymous_3)
FN:43,(anonymous_4)
FN:47,(anonymous_5)
FN:52,(anonymous_6)
FN:57,(anonymous_7)
FN:62,(anonymous_8)
FN:79,(anonymous_9)
FN:92,(anonymous_10)
FNF:11
FNH:11
FNDA:23,Home
FNDA:11,(anonymous_1)
FNDA:11,(anonymous_2)
FNDA:4,(anonymous_3)
FNDA:2,(anonymous_4)
FNDA:3,(anonymous_5)
FNDA:1,(anonymous_6)
FNDA:1,(anonymous_7)
FNDA:1,(anonymous_8)
FNDA:20,(anonymous_9)
FNDA:3,(anonymous_10)
DA:15,23
DA:16,23
DA:17,23
DA:20,23
DA:21,23
DA:23,23
DA:24,23
DA:26,23
DA:27,11
DA:28,2
DA:32,23
DA:33,11
DA:34,8
DA:38,23
DA:39,4
DA:40,4
DA:43,23
DA:44,2
DA:47,23
DA:48,3
DA:49,3
DA:52,23
DA:53,1
DA:54,1
DA:57,23
DA:58,1
DA:59,1
DA:62,23
DA:63,1
DA:66,23
DA:67,1
DA:77,22
DA:79,20
DA:80,20
DA:82,9
DA:85,2
DA:88,5
DA:92,3
DA:97,3
DA:106,1
DA:111,0
DA:115,20
LF:42
LH:41
BRDA:27,0,0,2
BRDA:27,0,1,9
BRDA:27,1,0,11
BRDA:27,1,1,10
BRDA:33,2,0,8
BRDA:33,2,1,3
BRDA:33,3,0,11
BRDA:33,3,1,8
BRDA:66,4,0,1
BRDA:66,4,1,22
BRDA:77,5,0,2
BRDA:77,5,1,20
BRDA:80,6,0,9
BRDA:80,6,1,2
BRDA:80,6,2,5
BRDA:80,6,3,3
BRDA:80,6,4,1
BRDA:80,6,5,0
BRDA:88,7,0,5
BRDA:88,7,1,0
BRDA:97,8,0,3
BRDA:97,8,1,0
BRDA:106,9,0,1
BRDA:106,9,1,0
BRDA:106,10,0,1
BRDA:106,10,1,1
BRF:26
BRH:22
end_of_record
TN:
SF:src/pages/Settings.tsx
FN:9,Settings
FN:15,(anonymous_1)
FNF:2
FNH:2
FNDA:9,Settings
FNDA:14,(anonymous_1)
DA:10,9
DA:12,9
DA:14,8
DA:15,14
DA:18,9
LF:5
LH:5
BRDA:12,0,0,1
BRDA:12,0,1,8
BRDA:14,1,0,7
BRDA:14,1,1,1
BRDA:36,2,0,9
BRDA:36,2,1,1
BRDA:62,3,0,1
BRDA:62,3,1,7
BRF:8
BRH:8
end_of_record
TN:
SF:src/pages/SignIn.tsx
FN:9,SignIn
FN:13,(anonymous_1)
FN:106,(anonymous_2)
FN:108,(anonymous_3)
FN:111,(anonymous_4)
FNF:5
FNH:0
FNDA:0,SignIn
FNDA:0,(anonymous_1)
FNDA:0,(anonymous_2)
FNDA:0,(anonymous_3)
FNDA:0,(anonymous_4)
DA:10,0
DA:11,0
DA:13,0
DA:14,0
DA:17,0
DA:107,0
DA:108,0
DA:111,0
LF:8
LH:0
BRDA:14,0,0,0
BRDA:14,0,1,0
BRDA:107,1,0,0
BRDA:107,1,1,0
BRF:4
BRH:0
end_of_record
